2021-06-03 18:33:32,775 [Worker-1: Loading available Gradle versions] INFO  o.e.b.c.i.u.g.PublishedGradleVersions - Gradle version information cache is up-to-date. Trying to read.
2021-06-03 18:36:41,846 [Worker-2: Loading available Gradle versions] INFO  o.e.b.c.i.u.g.PublishedGradleVersions - Gradle version information cache is up-to-date. Trying to read.
2021-06-03 18:37:12,912 [Worker-4: Importing Maven projects] INFO  o.e.m.c.i.l.LifecycleMappingFactory - Using org.maven.ide.eclipse.wtp.WarLifecycleMapping lifecycle mapping for MavenProject: it.uniroma3.siw:progetto1_museo:0.0.1-SNAPSHOT @ D:\myPrograms\GithubRepositories\siw-public-repo\SIW\progetto1_museo\pom.xml.
2021-06-03 18:37:15,889 [Worker-4: Importing Maven projects] INFO  o.e.m.j.i.AbstractJavaProjectConfigurator - Adding source folder /progetto1_museo/src/main/java
2021-06-03 18:37:15,890 [Worker-4: Importing Maven projects] INFO  o.e.m.j.i.AbstractJavaProjectConfigurator - Adding resource folder /progetto1_museo/src/main/resources
2021-06-03 18:37:15,891 [Worker-4: Importing Maven projects] INFO  o.e.m.j.i.AbstractJavaProjectConfigurator - Adding resource folder /progetto1_museo/src/main/resources
2021-06-03 18:37:15,892 [Worker-4: Importing Maven projects] INFO  o.e.m.j.i.AbstractJavaProjectConfigurator - Adding source folder /progetto1_museo/src/test/java
2021-06-03 18:37:16,932 [Worker-4: Importing Maven projects] INFO  o.e.m.c.i.p.ProjectConfigurationManager - Imported and configured 1 project(s) in 6 sec
2021-06-03 18:37:18,678 [Worker-4: Building] INFO  o.e.m.c.i.embedder.EclipseLogger - Using 'UTF-8' encoding to copy filtered resources.
2021-06-03 18:37:18,685 [Worker-4: Building] INFO  o.e.m.c.i.embedder.EclipseLogger - Copying 1 resource
2021-06-03 18:37:18,754 [Worker-4: Building] INFO  o.e.m.c.i.embedder.EclipseLogger - Copying 3 resources
2021-06-03 18:37:18,787 [Worker-4: Building] INFO  o.e.m.c.i.embedder.EclipseLogger - Using 'UTF-8' encoding to copy filtered resources.
2021-06-03 18:37:18,787 [Worker-4: Building] INFO  o.e.m.c.i.embedder.EclipseLogger - skip non existing resourceDirectory D:\myPrograms\GithubRepositories\siw-public-repo\SIW\progetto1_museo\src\test\resources
2021-06-03 18:37:33,071 [Worker-6: Launching Executing clean in D__myPrograms_GithubRepositories_siw-public-repo_SIW_progetto1_museo] INFO  o.e.m.i.launch.MavenLaunchDelegate - D:\myPrograms\GithubRepositories\siw-public-repo\SIW\progetto1_museo
2021-06-03 18:37:33,073 [Worker-6: Launching Executing clean in D__myPrograms_GithubRepositories_siw-public-repo_SIW_progetto1_museo] INFO  o.e.m.i.launch.MavenLaunchDelegate -  mvn -B clean -Dstyle.color=always
2021-06-03 18:37:35,538 [Worker-2: Building] INFO  o.e.m.c.i.embedder.EclipseLogger - Using 'UTF-8' encoding to copy filtered resources.
2021-06-03 18:37:35,541 [Worker-2: Building] INFO  o.e.m.c.i.embedder.EclipseLogger - Copying 1 resource
2021-06-03 18:37:35,543 [Worker-2: Building] INFO  o.e.m.c.i.embedder.EclipseLogger - Copying 3 resources
2021-06-03 18:37:35,552 [Worker-2: Building] INFO  o.e.m.c.i.embedder.EclipseLogger - Using 'UTF-8' encoding to copy filtered resources.
2021-06-03 18:37:35,552 [Worker-2: Building] INFO  o.e.m.c.i.embedder.EclipseLogger - skip non existing resourceDirectory D:\myPrograms\GithubRepositories\siw-public-repo\SIW\progetto1_museo\src\test\resources
2021-06-03 18:37:35,554 [Worker-2: Building] INFO  o.e.m.w.i.f.ResourceFilteringBuildParticipant - Changed resources require a complete clean of filtered resources of progetto1_museo
2021-06-03 18:37:35,554 [Worker-2: Building] INFO  o.e.m.w.i.f.ResourceFilteringBuildParticipant - Executing resource filtering for progetto1_museo
2021-06-03 18:37:35,559 [Worker-2: Building] INFO  o.e.m.c.i.embedder.EclipseLogger - Using 'UTF-8' encoding to copy filtered resources.
2021-06-03 18:42:50,040 [Worker-0: Loading available Gradle versions] INFO  o.e.b.c.i.u.g.PublishedGradleVersions - Gradle version information cache is up-to-date. Trying to read.
2021-06-03 18:42:59,035 [Worker-6: Launching Executing clean in D__myPrograms_GithubRepositories_siw-public-repo_SIW_progetto1_museo] INFO  o.e.m.i.launch.MavenLaunchDelegate - D:\myPrograms\GithubRepositories\siw-public-repo\SIW\progetto1_museo
2021-06-03 18:42:59,036 [Worker-6: Launching Executing clean in D__myPrograms_GithubRepositories_siw-public-repo_SIW_progetto1_museo] INFO  o.e.m.i.launch.MavenLaunchDelegate -  mvn -B clean -Dstyle.color=always
2021-06-03 18:43:02,416 [Worker-1: Building] INFO  o.e.m.c.i.embedder.EclipseLogger - Using 'UTF-8' encoding to copy filtered resources.
2021-06-03 18:43:02,420 [Worker-1: Building] INFO  o.e.m.c.i.embedder.EclipseLogger - Copying 1 resource
2021-06-03 18:43:02,437 [Worker-1: Building] INFO  o.e.m.c.i.embedder.EclipseLogger - Copying 3 resources
2021-06-03 18:43:02,451 [Worker-1: Building] INFO  o.e.m.c.i.embedder.EclipseLogger - Using 'UTF-8' encoding to copy filtered resources.
2021-06-03 18:43:02,451 [Worker-1: Building] INFO  o.e.m.c.i.embedder.EclipseLogger - skip non existing resourceDirectory D:\myPrograms\GithubRepositories\siw-public-repo\SIW\progetto1_museo\src\test\resources
2021-06-03 18:43:02,461 [Worker-1: Building] INFO  o.e.m.w.i.f.ResourceFilteringBuildParticipant - Changed resources require a complete clean of filtered resources of progetto1_museo
2021-06-03 18:43:02,463 [Worker-1: Building] INFO  o.e.m.w.i.f.ResourceFilteringBuildParticipant - Executing resource filtering for progetto1_museo
2021-06-03 18:43:02,483 [Worker-1: Building] INFO  o.e.m.c.i.embedder.EclipseLogger - Using 'UTF-8' encoding to copy filtered resources.
2021-06-03 18:43:29,892 [Worker-7: Launching Executing install in D__myPrograms_GithubRepositories_siw-public-repo_SIW_progetto1_museo] INFO  o.e.m.i.launch.MavenLaunchDelegate - D:\myPrograms\GithubRepositories\siw-public-repo\SIW\progetto1_museo
2021-06-03 18:43:29,892 [Worker-7: Launching Executing install in D__myPrograms_GithubRepositories_siw-public-repo_SIW_progetto1_museo] INFO  o.e.m.i.launch.MavenLaunchDelegate -  mvn -B install -Dstyle.color=always
2021-06-03 18:48:06,334 [Worker-9: Building] INFO  o.e.m.c.i.l.LifecycleMappingFactory - Using org.maven.ide.eclipse.wtp.WarLifecycleMapping lifecycle mapping for MavenProject: it.uniroma3.siw:progetto1_museo:0.0.1-SNAPSHOT @ D:\myPrograms\GithubRepositories\siw-public-repo\SIW\progetto1_museo\pom.xml.
2021-06-03 18:48:08,550 [Worker-9: Building] INFO  o.e.m.c.i.embedder.EclipseLogger - Using 'UTF-8' encoding to copy filtered resources.
2021-06-03 18:48:08,552 [Worker-9: Building] INFO  o.e.m.c.i.embedder.EclipseLogger - Copying 0 resource
2021-06-03 18:48:08,552 [Worker-9: Building] INFO  o.e.m.c.i.embedder.EclipseLogger - Copying 0 resource
2021-06-03 18:48:08,554 [Worker-9: Building] INFO  o.e.m.c.i.embedder.EclipseLogger - Using 'UTF-8' encoding to copy filtered resources.
2021-06-03 18:48:08,554 [Worker-9: Building] INFO  o.e.m.c.i.embedder.EclipseLogger - skip non existing resourceDirectory D:\myPrograms\GithubRepositories\siw-public-repo\SIW\progetto1_museo\src\test\resources
2021-06-03 18:48:08,554 [Worker-9: Building] INFO  o.e.m.w.i.f.ResourceFilteringBuildParticipant - Changed resources require a complete clean of filtered resources of progetto1_museo
2021-06-03 18:48:08,554 [Worker-9: Building] INFO  o.e.m.w.i.f.ResourceFilteringBuildParticipant - Executing resource filtering for progetto1_museo
2021-06-03 18:48:08,558 [Worker-9: Building] INFO  o.e.m.c.i.embedder.EclipseLogger - Using 'UTF-8' encoding to copy filtered resources.
2021-06-03 18:48:10,099 [Worker-10: Building] INFO  o.e.m.c.i.embedder.EclipseLogger - Using 'UTF-8' encoding to copy filtered resources.
2021-06-03 18:48:10,101 [Worker-10: Building] INFO  o.e.m.c.i.embedder.EclipseLogger - Copying 1 resource
2021-06-03 18:48:10,120 [Worker-10: Building] INFO  o.e.m.c.i.embedder.EclipseLogger - Copying 3 resources
2021-06-03 18:48:10,138 [Worker-10: Building] INFO  o.e.m.c.i.embedder.EclipseLogger - Using 'UTF-8' encoding to copy filtered resources.
2021-06-03 18:48:10,139 [Worker-10: Building] INFO  o.e.m.c.i.embedder.EclipseLogger - skip non existing resourceDirectory D:\myPrograms\GithubRepositories\siw-public-repo\SIW\progetto1_museo\src\test\resources
2021-06-03 18:48:10,485 [Worker-9: Download sources and javadoc] INFO  o.e.m.c.i.e.AbstractTransferListenerAdapter - Downloading https://repo.maven.apache.org/maven2/org/projectlombok/lombok/1.16.16/lombok-1.16.16-sources.jar
2021-06-03 18:48:11,125 [Worker-9: Download sources and javadoc] INFO  o.e.m.c.i.e.AbstractTransferListenerAdapter - Downloaded https://repo.maven.apache.org/maven2/org/projectlombok/lombok/1.16.16/lombok-1.16.16-sources.jar
2021-06-03 18:48:11,452 [Worker-9: Download sources and javadoc] INFO  o.e.m.j.internal.DownloadSourcesJob - Downloaded sources for org.projectlombok:lombok:1.16.16
2021-06-03 18:48:12,341 [Worker-9: Building] INFO  o.e.m.c.i.embedder.EclipseLogger - Using 'UTF-8' encoding to copy filtered resources.
2021-06-03 18:48:12,342 [Worker-9: Building] INFO  o.e.m.c.i.embedder.EclipseLogger - Copying 0 resource
2021-06-03 18:48:12,342 [Worker-9: Building] INFO  o.e.m.c.i.embedder.EclipseLogger - Copying 0 resource
2021-06-03 18:48:12,344 [Worker-9: Building] INFO  o.e.m.c.i.embedder.EclipseLogger - Using 'UTF-8' encoding to copy filtered resources.
2021-06-03 18:48:12,344 [Worker-9: Building] INFO  o.e.m.c.i.embedder.EclipseLogger - skip non existing resourceDirectory D:\myPrograms\GithubRepositories\siw-public-repo\SIW\progetto1_museo\src\test\resources
2021-06-03 18:52:34,789 [Worker-13: Building] INFO  o.e.m.c.i.embedder.EclipseLogger - Using 'UTF-8' encoding to copy filtered resources.
2021-06-03 18:52:34,791 [Worker-13: Building] INFO  o.e.m.c.i.embedder.EclipseLogger - Copying 1 resource
2021-06-03 18:52:34,795 [Worker-13: Building] INFO  o.e.m.c.i.embedder.EclipseLogger - Copying 3 resources
2021-06-03 18:52:34,797 [Worker-13: Building] INFO  o.e.m.c.i.embedder.EclipseLogger - Using 'UTF-8' encoding to copy filtered resources.
2021-06-03 18:52:34,797 [Worker-13: Building] INFO  o.e.m.c.i.embedder.EclipseLogger - skip non existing resourceDirectory D:\myPrograms\GithubRepositories\siw-public-repo\SIW\progetto1_museo\src\test\resources
2021-06-03 18:52:41,794 [Worker-13: Building] INFO  o.e.m.c.i.embedder.EclipseLogger - Using 'UTF-8' encoding to copy filtered resources.
2021-06-03 18:52:41,795 [Worker-13: Building] INFO  o.e.m.c.i.embedder.EclipseLogger - Copying 1 resource
2021-06-03 18:52:41,800 [Worker-13: Building] INFO  o.e.m.c.i.embedder.EclipseLogger - Copying 3 resources
2021-06-03 18:52:41,803 [Worker-13: Building] INFO  o.e.m.c.i.embedder.EclipseLogger - Using 'UTF-8' encoding to copy filtered resources.
2021-06-03 18:52:41,803 [Worker-13: Building] INFO  o.e.m.c.i.embedder.EclipseLogger - skip non existing resourceDirectory D:\myPrograms\GithubRepositories\siw-public-repo\SIW\progetto1_museo\src\test\resources
2021-06-03 18:52:43,921 [Worker-9: Building] INFO  o.e.m.c.i.embedder.EclipseLogger - Using 'UTF-8' encoding to copy filtered resources.
2021-06-03 18:52:43,922 [Worker-9: Building] INFO  o.e.m.c.i.embedder.EclipseLogger - Copying 1 resource
2021-06-03 18:52:43,926 [Worker-9: Building] INFO  o.e.m.c.i.embedder.EclipseLogger - Copying 3 resources
2021-06-03 18:52:43,928 [Worker-9: Building] INFO  o.e.m.c.i.embedder.EclipseLogger - Using 'UTF-8' encoding to copy filtered resources.
2021-06-03 18:52:43,929 [Worker-9: Building] INFO  o.e.m.c.i.embedder.EclipseLogger - skip non existing resourceDirectory D:\myPrograms\GithubRepositories\siw-public-repo\SIW\progetto1_museo\src\test\resources
2021-06-03 18:52:53,179 [Worker-12: Building] INFO  o.e.m.c.i.embedder.EclipseLogger - Using 'UTF-8' encoding to copy filtered resources.
2021-06-03 18:52:53,180 [Worker-12: Building] INFO  o.e.m.c.i.embedder.EclipseLogger - Copying 1 resource
2021-06-03 18:52:53,184 [Worker-12: Building] INFO  o.e.m.c.i.embedder.EclipseLogger - Copying 3 resources
2021-06-03 18:52:53,186 [Worker-12: Building] INFO  o.e.m.c.i.embedder.EclipseLogger - Using 'UTF-8' encoding to copy filtered resources.
2021-06-03 18:52:53,186 [Worker-12: Building] INFO  o.e.m.c.i.embedder.EclipseLogger - skip non existing resourceDirectory D:\myPrograms\GithubRepositories\siw-public-repo\SIW\progetto1_museo\src\test\resources
2021-06-03 18:52:55,288 [Worker-13: Building] INFO  o.e.m.c.i.embedder.EclipseLogger - Using 'UTF-8' encoding to copy filtered resources.
2021-06-03 18:52:55,289 [Worker-13: Building] INFO  o.e.m.c.i.embedder.EclipseLogger - Copying 1 resource
2021-06-03 18:52:55,293 [Worker-13: Building] INFO  o.e.m.c.i.embedder.EclipseLogger - Copying 3 resources
2021-06-03 18:52:55,296 [Worker-13: Building] INFO  o.e.m.c.i.embedder.EclipseLogger - Using 'UTF-8' encoding to copy filtered resources.
2021-06-03 18:52:55,297 [Worker-13: Building] INFO  o.e.m.c.i.embedder.EclipseLogger - skip non existing resourceDirectory D:\myPrograms\GithubRepositories\siw-public-repo\SIW\progetto1_museo\src\test\resources
2021-06-03 19:31:17,516 [Worker-20: Building] INFO  o.e.m.c.i.embedder.EclipseLogger - Using 'UTF-8' encoding to copy filtered resources.
2021-06-03 19:31:17,517 [Worker-20: Building] INFO  o.e.m.c.i.embedder.EclipseLogger - Copying 1 resource
2021-06-03 19:31:17,520 [Worker-20: Building] INFO  o.e.m.c.i.embedder.EclipseLogger - Copying 3 resources
2021-06-03 19:31:17,522 [Worker-20: Building] INFO  o.e.m.c.i.embedder.EclipseLogger - Using 'UTF-8' encoding to copy filtered resources.
2021-06-03 19:31:17,522 [Worker-20: Building] INFO  o.e.m.c.i.embedder.EclipseLogger - skip non existing resourceDirectory D:\myPrograms\GithubRepositories\siw-public-repo\SIW\progetto1_museo\src\test\resources
2021-06-03 19:31:25,211 [Worker-16: Launching Executing clean in D__myPrograms_GithubRepositories_siw-public-repo_SIW_progetto1_museo] INFO  o.e.m.i.launch.MavenLaunchDelegate - D:\myPrograms\GithubRepositories\siw-public-repo\SIW\progetto1_museo
2021-06-03 19:31:25,211 [Worker-16: Launching Executing clean in D__myPrograms_GithubRepositories_siw-public-repo_SIW_progetto1_museo] INFO  o.e.m.i.launch.MavenLaunchDelegate -  mvn -B clean -Dstyle.color=always
2021-06-03 19:31:27,256 [Worker-21: Building] INFO  o.e.m.c.i.embedder.EclipseLogger - Using 'UTF-8' encoding to copy filtered resources.
2021-06-03 19:31:27,257 [Worker-21: Building] INFO  o.e.m.c.i.embedder.EclipseLogger - Copying 1 resource
2021-06-03 19:31:27,260 [Worker-21: Building] INFO  o.e.m.c.i.embedder.EclipseLogger - Copying 3 resources
2021-06-03 19:31:27,269 [Worker-21: Building] INFO  o.e.m.c.i.embedder.EclipseLogger - Using 'UTF-8' encoding to copy filtered resources.
2021-06-03 19:31:27,270 [Worker-21: Building] INFO  o.e.m.c.i.embedder.EclipseLogger - skip non existing resourceDirectory D:\myPrograms\GithubRepositories\siw-public-repo\SIW\progetto1_museo\src\test\resources
2021-06-03 19:31:27,270 [Worker-21: Building] INFO  o.e.m.w.i.f.ResourceFilteringBuildParticipant - Changed resources require a complete clean of filtered resources of progetto1_museo
2021-06-03 19:31:27,270 [Worker-21: Building] INFO  o.e.m.w.i.f.ResourceFilteringBuildParticipant - Executing resource filtering for progetto1_museo
2021-06-03 19:31:27,273 [Worker-21: Building] INFO  o.e.m.c.i.embedder.EclipseLogger - Using 'UTF-8' encoding to copy filtered resources.
2021-06-03 19:31:38,929 [Worker-21: Updating Maven Project] INFO  o.e.m.c.i.p.ProjectConfigurationManager - Update started
2021-06-03 19:31:39,502 [Worker-21: Updating Maven Project] INFO  o.e.m.c.i.l.LifecycleMappingFactory - Using org.maven.ide.eclipse.wtp.WarLifecycleMapping lifecycle mapping for MavenProject: it.uniroma3.siw:progetto1_museo:0.0.1-SNAPSHOT @ D:\myPrograms\GithubRepositories\siw-public-repo\SIW\progetto1_museo\pom.xml.
2021-06-03 19:31:40,901 [Worker-21: Updating Maven Project] INFO  o.e.m.j.i.AbstractJavaProjectConfigurator - Adding source folder /progetto1_museo/src/main/java
2021-06-03 19:31:40,902 [Worker-21: Updating Maven Project] INFO  o.e.m.j.i.AbstractJavaProjectConfigurator - Adding resource folder /progetto1_museo/src/main/resources
2021-06-03 19:31:40,902 [Worker-21: Updating Maven Project] INFO  o.e.m.j.i.AbstractJavaProjectConfigurator - Adding resource folder /progetto1_museo/src/main/resources
2021-06-03 19:31:40,903 [Worker-21: Updating Maven Project] INFO  o.e.m.j.i.AbstractJavaProjectConfigurator - Adding source folder /progetto1_museo/src/test/java
2021-06-03 19:31:41,964 [Worker-21: Updating Maven Project] INFO  o.e.m.w.i.f.ResourceFilteringBuildParticipant - Cleaning filtered folder for progetto1_museo
2021-06-03 19:31:41,976 [Worker-21: Updating Maven Project] INFO  o.e.m.c.i.p.ProjectConfigurationManager - Update completed: 3 sec
2021-06-03 19:31:42,618 [Worker-25: Building] INFO  o.e.m.c.i.embedder.EclipseLogger - Using 'UTF-8' encoding to copy filtered resources.
2021-06-03 19:31:42,619 [Worker-25: Building] INFO  o.e.m.c.i.embedder.EclipseLogger - Copying 1 resource
2021-06-03 19:31:42,638 [Worker-25: Building] INFO  o.e.m.c.i.embedder.EclipseLogger - Copying 3 resources
2021-06-03 19:31:42,668 [Worker-25: Building] INFO  o.e.m.c.i.embedder.EclipseLogger - Using 'UTF-8' encoding to copy filtered resources.
2021-06-03 19:31:42,668 [Worker-25: Building] INFO  o.e.m.c.i.embedder.EclipseLogger - skip non existing resourceDirectory D:\myPrograms\GithubRepositories\siw-public-repo\SIW\progetto1_museo\src\test\resources
2021-06-03 19:31:42,669 [Worker-25: Building] INFO  o.e.m.w.i.f.ResourceFilteringBuildParticipant - Changed resources require a complete clean of filtered resources of progetto1_museo
2021-06-03 19:31:42,669 [Worker-25: Building] INFO  o.e.m.w.i.f.ResourceFilteringBuildParticipant - Executing resource filtering for progetto1_museo
2021-06-03 19:31:42,674 [Worker-25: Building] INFO  o.e.m.c.i.embedder.EclipseLogger - Using 'UTF-8' encoding to copy filtered resources.
2021-06-03 19:36:09,180 [Worker-32: Launching Executing install in D__myPrograms_GithubRepositories_siw-public-repo_SIW_progetto1_museo] INFO  o.e.m.i.launch.MavenLaunchDelegate - D:\myPrograms\GithubRepositories\siw-public-repo\SIW\progetto1_museo
2021-06-03 19:36:09,181 [Worker-32: Launching Executing install in D__myPrograms_GithubRepositories_siw-public-repo_SIW_progetto1_museo] INFO  o.e.m.i.launch.MavenLaunchDelegate -  mvn -B install -Dstyle.color=always
2021-06-03 19:37:33,045 [Worker-2: Loading available Gradle versions] INFO  o.e.b.c.i.u.g.PublishedGradleVersions - Gradle version information cache is up-to-date. Trying to read.
2021-06-03 19:37:55,987 [Worker-5: Launching Executing install in D__myPrograms_GithubRepositories_siw-public-repo_SIW_progetto1_museo] INFO  o.e.m.i.launch.MavenLaunchDelegate - D:\myPrograms\GithubRepositories\siw-public-repo\SIW\progetto1_museo
2021-06-03 19:37:55,989 [Worker-5: Launching Executing install in D__myPrograms_GithubRepositories_siw-public-repo_SIW_progetto1_museo] INFO  o.e.m.i.launch.MavenLaunchDelegate -  mvn -B install -Dstyle.color=always
2021-06-03 19:39:21,370 [Worker-2: Building] INFO  o.e.m.c.i.l.LifecycleMappingFactory - Using org.maven.ide.eclipse.wtp.WarLifecycleMapping lifecycle mapping for MavenProject: it.uniroma3.siw:progetto1_museo:0.0.1-SNAPSHOT @ D:\myPrograms\GithubRepositories\siw-public-repo\SIW\progetto1_museo\pom.xml.
2021-06-03 19:39:23,640 [Worker-2: Building] INFO  o.e.m.c.i.embedder.EclipseLogger - Using 'UTF-8' encoding to copy filtered resources.
2021-06-03 19:39:23,646 [Worker-2: Building] INFO  o.e.m.c.i.embedder.EclipseLogger - Copying 1 resource
2021-06-03 19:39:23,665 [Worker-2: Building] INFO  o.e.m.c.i.embedder.EclipseLogger - Copying 3 resources
2021-06-03 19:39:23,668 [Worker-2: Building] INFO  o.e.m.c.i.embedder.EclipseLogger - Using 'UTF-8' encoding to copy filtered resources.
2021-06-03 19:39:23,668 [Worker-2: Building] INFO  o.e.m.c.i.embedder.EclipseLogger - skip non existing resourceDirectory D:\myPrograms\GithubRepositories\siw-public-repo\SIW\progetto1_museo\src\test\resources
2021-06-03 19:39:23,714 [Worker-2: Building] INFO  o.e.m.w.i.f.ResourceFilteringBuildParticipant - Changed resources require a complete clean of filtered resources of progetto1_museo
2021-06-03 19:39:23,714 [Worker-2: Building] INFO  o.e.m.w.i.f.ResourceFilteringBuildParticipant - Executing resource filtering for progetto1_museo
2021-06-03 19:39:23,721 [Worker-2: Building] INFO  o.e.m.c.i.embedder.EclipseLogger - Using 'UTF-8' encoding to copy filtered resources.
2021-06-03 19:39:24,889 [Worker-1: Download sources and javadoc] INFO  o.e.m.c.i.e.AbstractTransferListenerAdapter - Downloading https://repo.maven.apache.org/maven2/org/projectlombok/lombok/1.16.18/lombok-1.16.18-sources.jar
2021-06-03 19:39:25,806 [Worker-1: Download sources and javadoc] INFO  o.e.m.c.i.e.AbstractTransferListenerAdapter - Downloaded https://repo.maven.apache.org/maven2/org/projectlombok/lombok/1.16.18/lombok-1.16.18-sources.jar
2021-06-03 19:39:25,974 [Worker-1: Download sources and javadoc] INFO  o.e.m.j.internal.DownloadSourcesJob - Downloaded sources for org.projectlombok:lombok:1.16.18
2021-06-03 19:39:26,200 [Worker-3: Building] INFO  o.e.m.c.i.l.LifecycleMappingFactory - Using org.maven.ide.eclipse.wtp.WarLifecycleMapping lifecycle mapping for MavenProject: it.uniroma3.siw:progetto1_museo:0.0.1-SNAPSHOT @ D:\myPrograms\GithubRepositories\siw-public-repo\SIW\progetto1_museo\pom.xml.
2021-06-03 19:39:27,619 [Worker-3: Building] INFO  o.e.m.c.i.embedder.EclipseLogger - Using 'UTF-8' encoding to copy filtered resources.
2021-06-03 19:39:27,623 [Worker-3: Building] INFO  o.e.m.c.i.embedder.EclipseLogger - Copying 1 resource
2021-06-03 19:39:27,633 [Worker-3: Building] INFO  o.e.m.c.i.embedder.EclipseLogger - Copying 3 resources
2021-06-03 19:39:27,645 [Worker-3: Building] INFO  o.e.m.c.i.embedder.EclipseLogger - Using 'UTF-8' encoding to copy filtered resources.
2021-06-03 19:39:27,645 [Worker-3: Building] INFO  o.e.m.c.i.embedder.EclipseLogger - skip non existing resourceDirectory D:\myPrograms\GithubRepositories\siw-public-repo\SIW\progetto1_museo\src\test\resources
2021-06-03 19:39:27,646 [Worker-3: Building] INFO  o.e.m.w.i.f.ResourceFilteringBuildParticipant - Changed resources require a complete clean of filtered resources of progetto1_museo
2021-06-03 19:39:27,646 [Worker-3: Building] INFO  o.e.m.w.i.f.ResourceFilteringBuildParticipant - Executing resource filtering for progetto1_museo
2021-06-03 19:39:27,649 [Worker-3: Building] INFO  o.e.m.c.i.embedder.EclipseLogger - Using 'UTF-8' encoding to copy filtered resources.
2021-06-03 19:39:28,883 [Worker-1: Building] INFO  o.e.m.c.i.embedder.EclipseLogger - Using 'UTF-8' encoding to copy filtered resources.
2021-06-03 19:39:28,884 [Worker-1: Building] INFO  o.e.m.c.i.embedder.EclipseLogger - Copying 0 resource
2021-06-03 19:39:28,884 [Worker-1: Building] INFO  o.e.m.c.i.embedder.EclipseLogger - Copying 0 resource
2021-06-03 19:39:28,885 [Worker-1: Building] INFO  o.e.m.c.i.embedder.EclipseLogger - Using 'UTF-8' encoding to copy filtered resources.
2021-06-03 19:39:28,885 [Worker-1: Building] INFO  o.e.m.c.i.embedder.EclipseLogger - skip non existing resourceDirectory D:\myPrograms\GithubRepositories\siw-public-repo\SIW\progetto1_museo\src\test\resources
2021-06-03 19:39:28,904 [Worker-0: Launching Executing clean in D__myPrograms_GithubRepositories_siw-public-repo_SIW_progetto1_museo] INFO  o.e.m.i.launch.MavenLaunchDelegate - D:\myPrograms\GithubRepositories\siw-public-repo\SIW\progetto1_museo
2021-06-03 19:39:28,904 [Worker-0: Launching Executing clean in D__myPrograms_GithubRepositories_siw-public-repo_SIW_progetto1_museo] INFO  o.e.m.i.launch.MavenLaunchDelegate -  mvn -B clean -Dstyle.color=always
2021-06-03 19:39:30,904 [Worker-1: Building] INFO  o.e.m.c.i.embedder.EclipseLogger - Using 'UTF-8' encoding to copy filtered resources.
2021-06-03 19:39:30,905 [Worker-1: Building] INFO  o.e.m.c.i.embedder.EclipseLogger - Copying 1 resource
2021-06-03 19:39:30,908 [Worker-1: Building] INFO  o.e.m.c.i.embedder.EclipseLogger - Copying 3 resources
2021-06-03 19:39:30,919 [Worker-1: Building] INFO  o.e.m.c.i.embedder.EclipseLogger - Using 'UTF-8' encoding to copy filtered resources.
2021-06-03 19:39:30,919 [Worker-1: Building] INFO  o.e.m.c.i.embedder.EclipseLogger - skip non existing resourceDirectory D:\myPrograms\GithubRepositories\siw-public-repo\SIW\progetto1_museo\src\test\resources
2021-06-03 19:39:30,920 [Worker-1: Building] INFO  o.e.m.w.i.f.ResourceFilteringBuildParticipant - Changed resources require a complete clean of filtered resources of progetto1_museo
2021-06-03 19:39:30,920 [Worker-1: Building] INFO  o.e.m.w.i.f.ResourceFilteringBuildParticipant - Executing resource filtering for progetto1_museo
2021-06-03 19:39:30,922 [Worker-1: Building] INFO  o.e.m.c.i.embedder.EclipseLogger - Using 'UTF-8' encoding to copy filtered resources.
2021-06-03 19:39:35,695 [Worker-0: Launching Executing install in D__myPrograms_GithubRepositories_siw-public-repo_SIW_progetto1_museo] INFO  o.e.m.i.launch.MavenLaunchDelegate - D:\myPrograms\GithubRepositories\siw-public-repo\SIW\progetto1_museo
2021-06-03 19:39:35,696 [Worker-0: Launching Executing install in D__myPrograms_GithubRepositories_siw-public-repo_SIW_progetto1_museo] INFO  o.e.m.i.launch.MavenLaunchDelegate -  mvn -B install -Dstyle.color=always
2021-06-03 19:39:47,216 [Worker-4: Building] INFO  o.e.m.c.i.l.LifecycleMappingFactory - Using org.maven.ide.eclipse.wtp.WarLifecycleMapping lifecycle mapping for MavenProject: it.uniroma3.siw:progetto1_museo:0.0.1-SNAPSHOT @ D:\myPrograms\GithubRepositories\siw-public-repo\SIW\progetto1_museo\pom.xml.
2021-06-03 19:39:49,057 [Worker-4: Building] INFO  o.e.m.c.i.embedder.EclipseLogger - Using 'UTF-8' encoding to copy filtered resources.
2021-06-03 19:39:49,060 [Worker-4: Building] INFO  o.e.m.c.i.embedder.EclipseLogger - Copying 0 resource
2021-06-03 19:39:49,060 [Worker-4: Building] INFO  o.e.m.c.i.embedder.EclipseLogger - Copying 0 resource
2021-06-03 19:39:49,062 [Worker-4: Building] INFO  o.e.m.c.i.embedder.EclipseLogger - Using 'UTF-8' encoding to copy filtered resources.
2021-06-03 19:39:49,063 [Worker-4: Building] INFO  o.e.m.c.i.embedder.EclipseLogger - skip non existing resourceDirectory D:\myPrograms\GithubRepositories\siw-public-repo\SIW\progetto1_museo\src\test\resources
2021-06-03 19:39:49,063 [Worker-4: Building] INFO  o.e.m.w.i.f.ResourceFilteringBuildParticipant - Changed resources require a complete clean of filtered resources of progetto1_museo
2021-06-03 19:39:49,063 [Worker-4: Building] INFO  o.e.m.w.i.f.ResourceFilteringBuildParticipant - Executing resource filtering for progetto1_museo
2021-06-03 19:39:49,067 [Worker-4: Building] INFO  o.e.m.c.i.embedder.EclipseLogger - Using 'UTF-8' encoding to copy filtered resources.
2021-06-03 19:39:50,447 [Worker-5: Building] INFO  o.e.m.c.i.embedder.EclipseLogger - Using 'UTF-8' encoding to copy filtered resources.
2021-06-03 19:39:50,448 [Worker-5: Building] INFO  o.e.m.c.i.embedder.EclipseLogger - Copying 1 resource
2021-06-03 19:39:50,460 [Worker-5: Building] INFO  o.e.m.c.i.embedder.EclipseLogger - Copying 3 resources
2021-06-03 19:39:50,471 [Worker-5: Building] INFO  o.e.m.c.i.embedder.EclipseLogger - Using 'UTF-8' encoding to copy filtered resources.
2021-06-03 19:39:50,471 [Worker-5: Building] INFO  o.e.m.c.i.embedder.EclipseLogger - skip non existing resourceDirectory D:\myPrograms\GithubRepositories\siw-public-repo\SIW\progetto1_museo\src\test\resources
2021-06-03 19:39:51,602 [Worker-5: Launching Executing clean in D__myPrograms_GithubRepositories_siw-public-repo_SIW_progetto1_museo] INFO  o.e.m.i.launch.MavenLaunchDelegate - D:\myPrograms\GithubRepositories\siw-public-repo\SIW\progetto1_museo
2021-06-03 19:39:51,602 [Worker-5: Launching Executing clean in D__myPrograms_GithubRepositories_siw-public-repo_SIW_progetto1_museo] INFO  o.e.m.i.launch.MavenLaunchDelegate -  mvn -B clean -Dstyle.color=always
2021-06-03 19:39:53,574 [Worker-1: Building] INFO  o.e.m.c.i.embedder.EclipseLogger - Using 'UTF-8' encoding to copy filtered resources.
2021-06-03 19:39:53,575 [Worker-1: Building] INFO  o.e.m.c.i.embedder.EclipseLogger - Copying 1 resource
2021-06-03 19:39:53,580 [Worker-1: Building] INFO  o.e.m.c.i.embedder.EclipseLogger - Copying 3 resources
2021-06-03 19:39:53,594 [Worker-1: Building] INFO  o.e.m.c.i.embedder.EclipseLogger - Using 'UTF-8' encoding to copy filtered resources.
2021-06-03 19:39:53,594 [Worker-1: Building] INFO  o.e.m.c.i.embedder.EclipseLogger - skip non existing resourceDirectory D:\myPrograms\GithubRepositories\siw-public-repo\SIW\progetto1_museo\src\test\resources
2021-06-03 19:39:53,595 [Worker-1: Building] INFO  o.e.m.w.i.f.ResourceFilteringBuildParticipant - Changed resources require a complete clean of filtered resources of progetto1_museo
2021-06-03 19:39:53,595 [Worker-1: Building] INFO  o.e.m.w.i.f.ResourceFilteringBuildParticipant - Executing resource filtering for progetto1_museo
2021-06-03 19:39:53,600 [Worker-1: Building] INFO  o.e.m.c.i.embedder.EclipseLogger - Using 'UTF-8' encoding to copy filtered resources.
2021-06-03 19:40:01,502 [Worker-1: Launching Executing install in D__myPrograms_GithubRepositories_siw-public-repo_SIW_progetto1_museo] INFO  o.e.m.i.launch.MavenLaunchDelegate - D:\myPrograms\GithubRepositories\siw-public-repo\SIW\progetto1_museo
2021-06-03 19:40:01,502 [Worker-1: Launching Executing install in D__myPrograms_GithubRepositories_siw-public-repo_SIW_progetto1_museo] INFO  o.e.m.i.launch.MavenLaunchDelegate -  mvn -B install -Dstyle.color=always
